<?xml version="1.0" encoding="UTF-8"?>
<testng-results ignored="0" total="1" passed="1" failed="0" skipped="0">
  <reporter-output>
  </reporter-output>
  <suite started-at="2026-02-20T06:11:18 IST" name="Default suite" finished-at="2026-02-20T06:11:18 IST" duration-ms="888">
    <groups>
    </groups>
    <test started-at="2026-02-20T06:11:18 IST" name="Default test" finished-at="2026-02-20T06:11:18 IST" duration-ms="888">
      <class name="source.CourseSum">
        <test-method signature="getCourseSum()[pri:0, instance:source.CourseSum@35047d03]" started-at="2026-02-20T06:11:18 IST" name="getCourseSum" finished-at="2026-02-20T06:11:18 IST" duration-ms="859" status="PASS">
          <reporter-output>
          </reporter-output>
        </test-method> <!-- getCourseSum -->
      </class> <!-- source.CourseSum -->
    </test> <!-- Default test -->
  </suite> <!-- Default suite -->
</testng-results>
