<?xml version="1.0" encoding="UTF-8"?>
<testng-results ignored="0" total="1" passed="1" failed="0" skipped="0">
  <reporter-output>
  </reporter-output>
  <suite started-at="2026-02-21T17:35:16 IST" name="Default suite" finished-at="2026-02-21T17:35:20 IST" duration-ms="3774">
    <groups>
    </groups>
    <test started-at="2026-02-21T17:35:16 IST" name="Default test" finished-at="2026-02-21T17:35:20 IST" duration-ms="3774">
      <class name="Library_API.com.library_api.DynamicJSON">
        <test-method signature="addBook()[pri:0, instance:Library_API.com.library_api.DynamicJSON@3d680b5a]" started-at="2026-02-21T17:35:16 IST" name="addBook" finished-at="2026-02-21T17:35:20 IST" duration-ms="3726" status="PASS">
          <reporter-output>
          </reporter-output>
        </test-method> <!-- addBook -->
      </class> <!-- Library_API.com.library_api.DynamicJSON -->
    </test> <!-- Default test -->
  </suite> <!-- Default suite -->
</testng-results>
